{"/Users/mohamedelfardi/Developer/@boilerz/eslint-config/frontend.js": {"path":"/Users/mohamedelfardi/Developer/@boilerz/eslint-config/frontend.js","statementMap":{"0":{"start":{"line":1,"column":15},"end":{"line":1,"column":33}},"1":{"start":{"line":3,"column":0},"end":{"line":13,"column":1}},"2":{"start":{"line":7,"column":39},"end":{"line":7,"column":63}}},"fnMap":{"0":{"name":"(anonymous_0)","decl":{"start":{"line":7,"column":29},"end":{"line":7,"column":30}},"loc":{"start":{"line":7,"column":39},"end":{"line":7,"column":63}},"line":7}},"branchMap":{},"s":{"0":1,"1":1,"2":7},"f":{"0":7},"b":{},"_coverageSchema":"1a1c01bbd47fc00a2c39e90264f33305004495a9","hash":"d37a681ddd5b92c96e8fcc8db4bd958e8b1b81c8"}
,"/Users/mohamedelfardi/Developer/@boilerz/eslint-config/index.js": {"path":"/Users/mohamedelfardi/Developer/@boilerz/eslint-config/index.js","statementMap":{"0":{"start":{"line":1,"column":0},"end":{"line":43,"column":1}}},"fnMap":{},"branchMap":{},"s":{"0":1},"f":{},"b":{},"_coverageSchema":"1a1c01bbd47fc00a2c39e90264f33305004495a9","hash":"d4c16403e73a152c832dd8305f59fab9f202c030"}
}
